Alana 1.29
Ambrose 1.18
Anabel 1.27
Angla 1.22
Angle 1.28
Anjelica 1.12
Anne 1.23
Ardelle 1.31
Ariel 1.34
Arnita 1.25
Ashanti 1.19
Ashlea 1.19
Avril 1.28
Barney 1.39
Beula 1.29
Boyce 1.29
Cheri 1.34
Christopher 1.35
Claudia 1.14
Clayton 1.29
Clorinda 1.21
Cristine 1.31
Darcy 1.25
Demarcus 1.32
Dominque 1.21
Elva 1.32
Ernest 1.36
Eva 1.24
Evelina 1.29
Frederick 1.3
Genie 1.14
Georgie 1.42
Ginette 1.31
Hulda 1.43
Isadora 1.3
Jammie 1.28
Jazmin 1.3
Joey 1.18
Joy 1.41
Junior 1.12
Kori 1.33
Kyung 1.33
Leia 1.15
Leilani 1.15
Leisha 1.3
Lida 1.22
Loma 1.29
Loreen 1.22
Louanne 1.27
Lucie 1.43
Lucienne 1.2
Lyndon 1.18
Lynell 1.23
Magen 1.53
Marcelene 1.45
Marceline 1.24
Mariette 1.26
Marilu 1.31
Marni 1.24
Matilda 1.22
Michal 1.3
Millard 1.29
Myrtie 1.27
Odessa 1.28
Ozella 1.27
Patsy 1.26
Rea 1.3
Refugio 1.21
Renate 1.1
Roberta 1.16
Rosetta 1.2
Ruth 1.39
Samuel 1.37
Santiago 1.32
Saturnina 1.29
Seth 1.19
Shara 1.21
Sima 1.24
Simona 1.34
So 1.24
Stacia 1.37
Stacy 1.19
Stasia 1.34
Stepanie 1.29
Stephine 1.34
Synthia 1.28
Tanesha 1.35
Tanisha 1.2
Tarra 1.22
Tessa 1.33
Thomasine 1.28
Tod 1.33
Vanesa 1.26
Vanessa 1.15
Vasiliki 1.2
Verda 1.34
Wendy 1.13
Wilfred 1.18
Yan 1.17
Zulma 1.19
