Alana Ambrose
Alana Anjelica
Alana Anne
Alana Ashanti
Alana Boyce
Alana Eva
Alana Frederick
Alana Genie
Alana Isadora
Alana Mariette
Alana Marni
Alana So
Alana Stacy
Alana Vanesa
Alana Vanessa
Ambrose Angle
Ambrose Ernest
Ambrose Genie
Ambrose Jammie
Ambrose Jazmin
Ambrose Joey
Ambrose Leilani
Ambrose Marceline
Ambrose Mariette
Ambrose Ozella
Ambrose Rea
Ambrose Refugio
Ambrose Saturnina
Ambrose Shara
Ambrose Stacia
Ambrose Synthia
Ambrose Tarra
Ambrose Yan
Anabel Angla
Anabel Arnita
Anabel Ashanti
Anabel Genie
Anabel Isadora
Anabel Leia
Anabel Loma
Anabel Loreen
Anabel Lyndon
Anabel Marni
Anabel Roberta
Anabel Samuel
Anabel Seth
Anabel Tanisha
Anabel Tarra
Anabel Wendy
Angla Ardelle
Angla Ashanti
Angla Junior
Angla Leia
Angla Refugio
Angla Roberta
Angla Seth
Angla Tanesha
Angla Wendy
Angle Anjelica
Angle Elva
Angle Eva
Angle Genie
Angle Joy
Angle Lida
Angle Loma
Angle Millard
Angle Refugio
Angle Renate
Angle Vasiliki
Angle Wilfred
Anjelica Ashanti
Anjelica Ashlea
Anjelica Avril
Anjelica Boyce
Anjelica Clayton
Anjelica Cristine
Anjelica Dominque
Anjelica Eva
Anjelica Evelina
Anjelica Leia
Anjelica Lyndon
Anjelica Marni
Anjelica Matilda
Anjelica Michal
Anjelica Myrtie
Anjelica Rea
Anjelica Renate
Anjelica Roberta
Anjelica Seth
Anjelica Stasia
Anjelica Stephine
Anjelica Synthia
Anjelica Tanesha
Anjelica Tanisha
Anne Ariel
Anne Ashanti
Anne Clorinda
Anne Demarcus
Anne Elva
Anne Evelina
Anne Georgie
Anne Joey
Anne Loreen
Anne Louanne
Anne Lyndon
Anne Matilda
Anne Millard
Anne Roberta
Anne So
Anne Stacy
Anne Vanessa
Anne Zulma
Ardelle Avril
Ardelle Clorinda
Ardelle Cristine
Ardelle Jazmin
Ardelle Kyung
Ardelle Leilani
Ardelle Lynell
Ardelle Millard
Ardelle Renate
Ardelle Wendy
Ariel Clorinda
Ariel Genie
Ariel Leisha
Ariel Louanne
Ariel Lyndon
Ariel Odessa
Ariel Renate
Ariel So
Ariel Thomasine
Arnita Ashanti
Arnita Cheri
Arnita Genie
Arnita Ginette
Arnita Leia
Arnita Lyndon
Arnita Refugio
Arnita Rosetta
Arnita Shara
Arnita Simona
Arnita Tanisha
Ashanti Claudia
Ashanti Cristine
Ashanti Demarcus
Ashanti Eva
Ashanti Joey
Ashanti Kyung
Ashanti Leia
Ashanti Leilani
Ashanti Millard
Ashanti Refugio
Ashanti Roberta
Ashanti Rosetta
Ashanti So
Ashanti Stephine
Ashanti Synthia
Ashanti Tanesha
Ashanti Tarra
Ashanti Tod
Ashanti Vasiliki
Ashlea Cheri
Ashlea Darcy
Ashlea Dominque
Ashlea Leia
Ashlea Lucienne
Ashlea Marceline
Ashlea Roberta
Ashlea Seth
Ashlea Stephine
Ashlea Tanesha
Ashlea Vanesa
Avril Jammie
Avril Leisha
Avril Lida
Avril Loreen
Avril Lyndon
Avril Mariette
Avril Seth
Avril Tarra
Barney Seth
Barney Stasia
Barney Verda
Beula Genie
Beula Jazmin
Beula Junior
Beula Leia
Beula Leilani
Beula Lida
Beula Loma
Beula Louanne
Beula Michal
Beula Seth
Beula Vanesa
Beula Vasiliki
Beula Wilfred
Boyce Cheri
Boyce Evelina
Boyce Genie
Boyce Isadora
Boyce Leilani
Boyce Marcelene
Boyce Myrtie
Boyce Roberta
Boyce Rosetta
Boyce Saturnina
Boyce Shara
Boyce Simona
Boyce Yan
Cheri Eva
Cheri Genie
Cheri Lida
Cheri Loreen
Cheri Lucienne
Cheri Refugio
Cheri Vasiliki
Christopher Claudia
Christopher Clorinda
Christopher Dominque
Christopher Joey
Christopher Kori
Christopher Matilda
Christopher Ozella
Christopher Renate
Christopher Roberta
Christopher Seth
Christopher Sima
Christopher Stasia
Christopher Synthia
Christopher Vasiliki
Christopher Wilfred
Claudia Clorinda
Claudia Genie
Claudia Ginette
Claudia Junior
Claudia Millard
Claudia Rea
Claudia Rosetta
Claudia Ruth
Claudia Stacy
Claudia Stepanie
Claudia Yan
Clayton Demarcus
Clayton Kyung
Clayton Millard
Clayton Rosetta
Clayton Saturnina
Clorinda Lucienne
Clorinda Marni
Clorinda Michal
Clorinda Millard
Clorinda Renate
Clorinda Rosetta
Clorinda Saturnina
Clorinda Shara
Clorinda So
Clorinda Stasia
Clorinda Thomasine
Clorinda Vasiliki
Clorinda Verda
Clorinda Wendy
Cristine Marni
Cristine Rea
Cristine Roberta
Cristine Saturnina
Cristine Sima
Cristine Stephine
Cristine Wendy
Darcy Eva
Darcy Joey
Darcy Leisha
Darcy Seth
Darcy Shara
Darcy Wendy
Darcy Yan
Demarcus Eva
Demarcus Junior
Demarcus Kori
Demarcus Kyung
Demarcus Lyndon
Demarcus Marcelene
Demarcus Marceline
Demarcus Millard
Demarcus Renate
Demarcus Sima
Demarcus Tanisha
Demarcus Tarra
Demarcus Vanessa
Demarcus Wendy
Demarcus Wilfred
Dominque Jammie
Dominque Mariette
Dominque Marni
Dominque Seth
Dominque Shara
Dominque Stasia
Dominque Stephine
Dominque Synthia
Elva Eva
Elva Isadora
Elva Jammie
Elva Jazmin
Elva Loma
Elva Loreen
Elva Marceline
Elva Refugio
Elva Roberta
Elva Stacy
Elva Tarra
Elva Wendy
Ernest Leilani
Ernest Lucie
Ernest Rosetta
Ernest Tanesha
Ernest Vasiliki
Eva Frederick
Eva Kyung
Eva Lida
Eva Loma
Eva Loreen
Eva Lucie
Eva Magen
Eva Marceline
Eva Refugio
Eva Ruth
Eva Sima
Eva Vanessa
Eva Vasiliki
Eva Wendy
Evelina Joey
Evelina Leia
Evelina Loma
Evelina Michal
Evelina Rea
Evelina So
Evelina Vanesa
Frederick Leia
Frederick Lyndon
Frederick Marceline
Frederick Saturnina
Frederick Yan
Genie Ginette
Genie Isadora
Genie Jazmin
Genie Joy
Genie Leia
Genie Marcelene
Genie Marni
Genie Myrtie
Genie Odessa
Genie Roberta
Genie Ruth
Genie Saturnina
Genie Shara
Genie Stacy
Genie Thomasine
Genie Vanessa
Genie Vasiliki
Genie Wilfred
Georgie Roberta
Georgie Wendy
Ginette Joey
Ginette Leia
Ginette Loma
Ginette Seth
Ginette Shara
Ginette Simona
Ginette Stephine
Ginette Tanisha
Hulda Junior
Isadora Leilani
Isadora Loma
Isadora Marni
Isadora Roberta
Isadora Samuel
Isadora Stacia
Isadora Thomasine
Isadora Wendy
Jammie Jazmin
Jammie Joey
Jammie Junior
Jammie Lida
Jammie Marilu
Jammie Ozella
Jammie Renate
Jammie Samuel
Jammie Stepanie
Jazmin Mariette
Jazmin Marilu
Jazmin Samuel
Jazmin Santiago
Jazmin Seth
Jazmin Stacy
Jazmin Stasia
Jazmin Synthia
Jazmin Thomasine
Jazmin Wendy
Joey Leia
Joey Leilani
Joey Lida
Joey Loma
Joey Lucienne
Joey Lyndon
Joey Lynell
Joey Ozella
Joey Seth
Joey Shara
Joey Sima
Joey So
Joey Stacy
Joey Tanesha
Joey Vanessa
Joey Yan
Junior Leia
Junior Lucienne
Junior Lyndon
Junior Myrtie
Junior Stacia
Junior Stacy
Junior Stephine
Junior Synthia
Junior Wendy
Junior Wilfred
Kori Leilani
Kori Patsy
Kori Roberta
Kori Vanessa
Kyung Lyndon
Kyung Marceline
Kyung Odessa
Kyung Patsy
Kyung Rosetta
Kyung Stepanie
Kyung Tessa
Kyung Tod
Kyung Vanessa
Kyung Wendy
Leia Lida
Leia Louanne
Leia Renate
Leia Samuel
Leia Saturnina
Leia Sima
Leia Stephine
Leia Tarra
Leia Tod
Leia Yan
Leilani Loreen
Leilani Lucienne
Leilani Lynell
Leilani Matilda
Leilani Roberta
Leilani Samuel
Leilani Shara
Leilani Simona
Leilani Vanesa
Leilani Vasiliki
Leilani Wendy
Leilani Wilfred
Leisha Louanne
Leisha Lucie
Leisha Millard
Leisha Odessa
Leisha Refugio
Leisha Seth
Leisha Tanesha
Leisha Wilfred
Leisha Yan
Lida Lynell
Lida Ozella
Lida Refugio
Lida Renate
Lida Samuel
Lida Seth
Lida Sima
Lida Simona
Lida Tanesha
Lida Vasiliki
Lida Wilfred
Loma Loreen
Loma Marceline
Loma Myrtie
Loma Refugio
Loma Roberta
Loma Seth
Loma Shara
Loma Tanisha
Loma Tod
Loma Vanessa
Loreen Lucie
Loreen Lucienne
Loreen Lyndon
Loreen Magen
Loreen Marceline
Loreen Marilu
Loreen Millard
Loreen Santiago
Loreen Tarra
Loreen Vasiliki
Loreen Yan
Louanne Millard
Louanne Patsy
Lucie Matilda
Lucie Odessa
Lucienne Lynell
Lucienne Marcelene
Lucienne Michal
Lucienne Stacy
Lucienne Vasiliki
Lyndon Mariette
Lyndon Rosetta
Lyndon Shara
Lyndon So
Lyndon Tanisha
Lyndon Tarra
Lyndon Tod
Lynell Renate
Lynell Vanesa
Magen Renate
Marcelene Tarra
Marcelene Thomasine
Marceline Marilu
Marceline Millard
Marceline Rea
Marceline Refugio
Marceline Ruth
Marceline Tarra
Marceline Tessa
Marceline Vanessa
Marceline Verda
Mariette Michal
Marilu Matilda
Marilu Refugio
Marilu Santiago
Marilu Seth
Marilu Tanesha
Marni Matilda
Marni Michal
Marni Renate
Marni Samuel
Marni Stasia
Marni Synthia
Matilda Millard
Matilda Renate
Matilda Roberta
Matilda Seth
Matilda Stephine
Matilda Tanesha
Matilda Tanisha
Matilda Wilfred
Matilda Zulma
Michal Patsy
Michal Roberta
Michal Stacy
Michal Thomasine
Michal Vanesa
Millard Roberta
Millard Santiago
Millard Stacy
Millard Tarra
Millard Vasiliki
Millard Verda
Millard Zulma
Myrtie Patsy
Myrtie Roberta
Myrtie Sima
Myrtie Tod
Myrtie Vanesa
Odessa Roberta
Odessa Seth
Odessa Shara
Odessa Tanesha
Odessa Tarra
Odessa Vanessa
Odessa Yan
Ozella Rea
Ozella Renate
Ozella Ruth
Ozella Zulma
Patsy Seth
Patsy Stacia
Patsy Tanisha
Patsy Tessa
Patsy Wendy
Patsy Yan
Patsy Zulma
Rea Roberta
Rea Saturnina
Rea Synthia
Refugio Santiago
Refugio Simona
Refugio Tarra
Refugio Wendy
Refugio Wilfred
Renate Samuel
Renate Saturnina
Renate So
Renate Tanesha
Renate Tarra
Renate Thomasine
Renate Vanessa
Renate Verda
Renate Wendy
Roberta Rosetta
Roberta Saturnina
Roberta Sima
Roberta Synthia
Roberta Tanesha
Rosetta Tanesha
Rosetta Vanesa
Ruth Sima
Ruth So
Ruth Wendy
Samuel Simona
Samuel Tarra
Samuel Wendy
Santiago Tanisha
Santiago Tarra
Saturnina Sima
Saturnina Yan
Seth Shara
Seth Stasia
Seth Synthia
Seth Tanesha
Seth Tanisha
Seth Tessa
Seth Vanesa
Seth Wilfred
Shara So
Shara Stasia
Sima Tanisha
Sima Vanessa
Stacy Stasia
Stacy Tanisha
Stacy Verda
Stacy Wendy
Stacy Zulma
Stepanie Vasiliki
Stephine Tanisha
Synthia Tod
Tanisha Thomasine
Tanisha Wendy
Tarra Wendy
Tessa Tod
Thomasine Vanesa
Thomasine Zulma
Vanesa Vasiliki
Vanesa Wilfred
Vanessa Wendy
Vasiliki Verda
Vasiliki Wendy
Vasiliki Wilfred
Verda Wilfred
Wendy Yan
