Alana Ambrose
Alana Angla
Alana Angle
Alana Anjelica
Alana Anne
Alana Arnita
Alana Ashanti
Alana Avril
Alana Boyce
Alana Christopher
Alana Claudia
Alana Cristine
Alana Demarcus
Alana Dominque
Alana Elva
Alana Eva
Alana Evelina
Alana Frederick
Alana Genie
Alana Georgie
Alana Isadora
Alana Jammie
Alana Jazmin
Alana Joey
Alana Kori
Alana Leia
Alana Leilani
Alana Leisha
Alana Loma
Alana Loreen
Alana Lucienne
Alana Lyndon
Alana Lynell
Alana Magen
Alana Marceline
Alana Mariette
Alana Marilu
Alana Marni
Alana Michal
Alana Millard
Alana Myrtie
Alana Ozella
Alana Patsy
Alana Rea
Alana Refugio
Alana Renate
Alana Roberta
Alana Rosetta
Alana Ruth
Alana Samuel
Alana Saturnina
Alana Seth
Alana Shara
Alana Sima
Alana So
Alana Stacy
Alana Stepanie
Alana Stephine
Alana Synthia
Alana Tanesha
Alana Tanisha
Alana Tessa
Alana Vanesa
Alana Vanessa
Alana Vasiliki
Alana Verda
Alana Wendy
Alana Wilfred
Alana Yan
Ambrose Anabel
Ambrose Angla
Ambrose Angle
Ambrose Anjelica
Ambrose Anne
Ambrose Ariel
Ambrose Arnita
Ambrose Ashanti
Ambrose Ashlea
Ambrose Barney
Ambrose Beula
Ambrose Boyce
Ambrose Christopher
Ambrose Claudia
Ambrose Clayton
Ambrose Clorinda
Ambrose Cristine
Ambrose Darcy
Ambrose Dominque
Ambrose Elva
Ambrose Ernest
Ambrose Eva
Ambrose Frederick
Ambrose Genie
Ambrose Ginette
Ambrose Jammie
Ambrose Jazmin
Ambrose Joey
Ambrose Joy
Ambrose Junior
Ambrose Kori
Ambrose Leia
Ambrose Leilani
Ambrose Leisha
Ambrose Lida
Ambrose Loreen
Ambrose Louanne
Ambrose Lucie
Ambrose Lucienne
Ambrose Lyndon
Ambrose Magen
Ambrose Marcelene
Ambrose Marceline
Ambrose Mariette
Ambrose Marni
Ambrose Millard
Ambrose Myrtie
Ambrose Ozella
Ambrose Patsy
Ambrose Rea
Ambrose Refugio
Ambrose Renate
Ambrose Roberta
Ambrose Rosetta
Ambrose Ruth
Ambrose Samuel
Ambrose Santiago
Ambrose Saturnina
Ambrose Seth
Ambrose Shara
Ambrose Simona
Ambrose So
Ambrose Stacia
Ambrose Stasia
Ambrose Stepanie
Ambrose Stephine
Ambrose Synthia
Ambrose Tanesha
Ambrose Tanisha
Ambrose Tarra
Ambrose Tessa
Ambrose Tod
Ambrose Vanesa
Ambrose Vanessa
Ambrose Vasiliki
Ambrose Wendy
Ambrose Wilfred
Ambrose Yan
Ambrose Zulma
Anabel Angla
Anabel Anjelica
Anabel Ardelle
Anabel Arnita
Anabel Ashanti
Anabel Ashlea
Anabel Avril
Anabel Barney
Anabel Beula
Anabel Cheri
Anabel Claudia
Anabel Clayton
Anabel Clorinda
Anabel Cristine
Anabel Darcy
Anabel Demarcus
Anabel Dominque
Anabel Elva
Anabel Ernest
Anabel Frederick
Anabel Genie
Anabel Ginette
Anabel Hulda
Anabel Isadora
Anabel Jazmin
Anabel Joy
Anabel Junior
Anabel Kori
Anabel Kyung
Anabel Leia
Anabel Leilani
Anabel Lida
Anabel Loma
Anabel Loreen
Anabel Louanne
Anabel Lucie
Anabel Lucienne
Anabel Lyndon
Anabel Lynell
Anabel Marcelene
Anabel Marceline
Anabel Mariette
Anabel Marilu
Anabel Marni
Anabel Odessa
Anabel Ozella
Anabel Patsy
Anabel Rea
Anabel Renate
Anabel Roberta
Anabel Rosetta
Anabel Ruth
Anabel Samuel
Anabel Santiago
Anabel Seth
Anabel Shara
Anabel Sima
Anabel Simona
Anabel So
Anabel Stacia
Anabel Stacy
Anabel Stasia
Anabel Tanesha
Anabel Tanisha
Anabel Tarra
Anabel Tessa
Anabel Vanessa
Anabel Vasiliki
Anabel Verda
Anabel Wendy
Angla Ardelle
Angla Arnita
Angla Ashanti
Angla Ashlea
Angla Avril
Angla Barney
Angla Boyce
Angla Cheri
Angla Christopher
Angla Claudia
Angla Cristine
Angla Demarcus
Angla Dominque
Angla Elva
Angla Ernest
Angla Eva
Angla Frederick
Angla Genie
Angla Ginette
Angla Hulda
Angla Jazmin
Angla Joey
Angla Junior
Angla Kyung
Angla Leia
Angla Leilani
Angla Leisha
Angla Lida
Angla Loma
Angla Loreen
Angla Lucie
Angla Lucienne
Angla Lyndon
Angla Lynell
Angla Marcelene
Angla Marceline
Angla Mariette
Angla Marilu
Angla Marni
Angla Matilda
Angla Michal
Angla Millard
Angla Myrtie
Angla Odessa
Angla Patsy
Angla Rea
Angla Refugio
Angla Renate
Angla Roberta
Angla Rosetta
Angla Ruth
Angla Samuel
Angla Santiago
Angla Seth
Angla Shara
Angla Sima
Angla So
Angla Stacia
Angla Stacy
Angla Stepanie
Angla Synthia
Angla Tanesha
Angla Tanisha
Angla Tarra
Angla Tessa
Angla Tod
Angla Vanessa
Angla Vasiliki
Angla Verda
Angla Wendy
Angla Wilfred
Angla Yan
Angla Zulma
Angle Anjelica
Angle Anne
Angle Ardelle
Angle Arnita
Angle Ashlea
Angle Beula
Angle Christopher
Angle Claudia
Angle Clayton
Angle Clorinda
Angle Darcy
Angle Elva
Angle Eva
Angle Evelina
Angle Frederick
Angle Genie
Angle Ginette
Angle Joey
Angle Joy
Angle Kori
Angle Kyung
Angle Leia
Angle Leilani
Angle Leisha
Angle Lida
Angle Loma
Angle Loreen
Angle Lucienne
Angle Magen
Angle Marceline
Angle Mariette
Angle Marilu
Angle Marni
Angle Matilda
Angle Michal
Angle Millard
Angle Myrtie
Angle Odessa
Angle Ozella
Angle Rea
Angle Refugio
Angle Renate
Angle Roberta
Angle Rosetta
Angle Ruth
Angle Saturnina
Angle Shara
Angle Sima
Angle Simona
Angle Stacia
Angle Stacy
Angle Stasia
Angle Stepanie
Angle Stephine
Angle Tanesha
Angle Tanisha
Angle Tarra
Angle Tessa
Angle Thomasine
Angle Tod
Angle Vanesa
Angle Vanessa
Angle Vasiliki
Angle Verda
Angle Wendy
Angle Wilfred
Angle Yan
Angle Zulma
Anjelica Anne
Anjelica Ardelle
Anjelica Arnita
Anjelica Ashanti
Anjelica Ashlea
Anjelica Avril
Anjelica Barney
Anjelica Beula
Anjelica Boyce
Anjelica Christopher
Anjelica Claudia
Anjelica Clayton
Anjelica Cristine
Anjelica Darcy
Anjelica Demarcus
Anjelica Dominque
Anjelica Elva
Anjelica Eva
Anjelica Evelina
Anjelica Frederick
Anjelica Genie
Anjelica Georgie
Anjelica Ginette
Anjelica Hulda
Anjelica Isadora
Anjelica Jammie
Anjelica Jazmin
Anjelica Joey
Anjelica Joy
Anjelica Junior
Anjelica Kyung
Anjelica Leia
Anjelica Leisha
Anjelica Lida
Anjelica Loma
Anjelica Loreen
Anjelica Louanne
Anjelica Lucie
Anjelica Lyndon
Anjelica Lynell
Anjelica Magen
Anjelica Marcelene
Anjelica Mariette
Anjelica Marilu
Anjelica Marni
Anjelica Matilda
Anjelica Michal
Anjelica Myrtie
Anjelica Odessa
Anjelica Patsy
Anjelica Rea
Anjelica Refugio
Anjelica Renate
Anjelica Roberta
Anjelica Rosetta
Anjelica Samuel
Anjelica Santiago
Anjelica Saturnina
Anjelica Seth
Anjelica Shara
Anjelica Sima
Anjelica Simona
Anjelica So
Anjelica Stacia
Anjelica Stacy
Anjelica Stasia
Anjelica Stepanie
Anjelica Stephine
Anjelica Synthia
Anjelica Tanesha
Anjelica Tanisha
Anjelica Tarra
Anjelica Tessa
Anjelica Thomasine
Anjelica Tod
Anjelica Vanesa
Anjelica Vanessa
Anjelica Vasiliki
Anjelica Verda
Anjelica Wendy
Anjelica Yan
Anjelica Zulma
Anne Ardelle
Anne Ariel
Anne Arnita
Anne Ashanti
Anne Ashlea
Anne Barney
Anne Beula
Anne Christopher
Anne Claudia
Anne Clayton
Anne Clorinda
Anne Cristine
Anne Darcy
Anne Demarcus
Anne Dominque
Anne Elva
Anne Ernest
Anne Eva
Anne Evelina
Anne Genie
Anne Georgie
Anne Ginette
Anne Jammie
Anne Joey
Anne Joy
Anne Junior
Anne Kori
Anne Kyung
Anne Leisha
Anne Loma
Anne Loreen
Anne Louanne
Anne Lucie
Anne Lucienne
Anne Lyndon
Anne Lynell
Anne Marceline
Anne Mariette
Anne Marni
Anne Matilda
Anne Michal
Anne Millard
Anne Myrtie
Anne Odessa
Anne Ozella
Anne Patsy
Anne Rea
Anne Renate
Anne Roberta
Anne Rosetta
Anne Santiago
Anne Saturnina
Anne Seth
Anne Shara
Anne Sima
Anne Simona
Anne So
Anne Stacy
Anne Stepanie
Anne Synthia
Anne Tanisha
Anne Thomasine
Anne Tod
Anne Vanesa
Anne Vanessa
Anne Vasiliki
Anne Verda
Anne Wendy
Anne Wilfred
Anne Yan
Anne Zulma
Ardelle Ashanti
Ardelle Ashlea
Ardelle Avril
Ardelle Beula
Ardelle Boyce
Ardelle Cheri
Ardelle Christopher
Ardelle Claudia
Ardelle Clayton
Ardelle Clorinda
Ardelle Cristine
Ardelle Demarcus
Ardelle Dominque
Ardelle Elva
Ardelle Eva
Ardelle Frederick
Ardelle Georgie
Ardelle Ginette
Ardelle Hulda
Ardelle Jazmin
Ardelle Joey
Ardelle Joy
Ardelle Junior
Ardelle Kori
Ardelle Kyung
Ardelle Leia
Ardelle Leilani
Ardelle Lida
Ardelle Louanne
Ardelle Lucienne
Ardelle Lyndon
Ardelle Lynell
Ardelle Mariette
Ardelle Marni
Ardelle Matilda
Ardelle Millard
Ardelle Myrtie
Ardelle Odessa
Ardelle Rea
Ardelle Refugio
Ardelle Renate
Ardelle Roberta
Ardelle Ruth
Ardelle Santiago
Ardelle Seth
Ardelle Sima
Ardelle Simona
Ardelle So
Ardelle Stepanie
Ardelle Tanesha
Ardelle Tarra
Ardelle Tessa
Ardelle Thomasine
Ardelle Tod
Ardelle Vanesa
Ardelle Vanessa
Ardelle Vasiliki
Ardelle Verda
Ardelle Wendy
Ardelle Wilfred
Ardelle Yan
Ardelle Zulma
Ariel Ashlea
Ariel Barney
Ariel Beula
Ariel Boyce
Ariel Cheri
Ariel Christopher
Ariel Claudia
Ariel Clayton
Ariel Clorinda
Ariel Darcy
Ariel Dominque
Ariel Ernest
Ariel Evelina
Ariel Genie
Ariel Hulda
Ariel Isadora
Ariel Jammie
Ariel Junior
Ariel Kori
Ariel Kyung
Ariel Leilani
Ariel Leisha
Ariel Lida
Ariel Loreen
Ariel Louanne
Ariel Lucienne
Ariel Lyndon
Ariel Marceline
Ariel Mariette
Ariel Matilda
Ariel Michal
Ariel Millard
Ariel Odessa
Ariel Ozella
Ariel Patsy
Ariel Rea
Ariel Refugio
Ariel Renate
Ariel Roberta
Ariel Saturnina
Ariel Seth
Ariel Shara
Ariel Sima
Ariel Simona
Ariel So
Ariel Stacia
Ariel Stacy
Ariel Stasia
Ariel Synthia
Ariel Tanesha
Ariel Tanisha
Ariel Tarra
Ariel Tessa
Ariel Thomasine
Ariel Tod
Ariel Vanesa
Ariel Vanessa
Ariel Vasiliki
Ariel Verda
Ariel Wendy
Ariel Yan
Ariel Zulma
Arnita Ashanti
Arnita Avril
Arnita Beula
Arnita Boyce
Arnita Cheri
Arnita Christopher
Arnita Clayton
Arnita Cristine
Arnita Demarcus
Arnita Dominque
Arnita Ernest
Arnita Eva
Arnita Evelina
Arnita Genie
Arnita Ginette
Arnita Jammie
Arnita Joey
Arnita Joy
Arnita Kyung
Arnita Leia
Arnita Leilani
Arnita Lida
Arnita Loma
Arnita Loreen
Arnita Louanne
Arnita Lucienne
Arnita Lyndon
Arnita Lynell
Arnita Magen
Arnita Marcelene
Arnita Mariette
Arnita Marilu
Arnita Marni
Arnita Michal
Arnita Millard
Arnita Odessa
Arnita Ozella
Arnita Patsy
Arnita Refugio
Arnita Renate
Arnita Roberta
Arnita Rosetta
Arnita Ruth
Arnita Samuel
Arnita Santiago
Arnita Saturnina
Arnita Seth
Arnita Shara
Arnita Sima
Arnita Simona
Arnita So
Arnita Stacy
Arnita Stasia
Arnita Stephine
Arnita Tanesha
Arnita Tanisha
Arnita Tarra
Arnita Thomasine
Arnita Tod
Arnita Vanesa
Arnita Vanessa
Arnita Vasiliki
Arnita Wendy
Arnita Wilfred
Arnita Yan
Arnita Zulma
Ashanti Ashlea
Ashanti Avril
Ashanti Barney
Ashanti Beula
Ashanti Boyce
Ashanti Cheri
Ashanti Christopher
Ashanti Claudia
Ashanti Clayton
Ashanti Clorinda
Ashanti Cristine
Ashanti Darcy
Ashanti Demarcus
Ashanti Dominque
Ashanti Elva
Ashanti Eva
Ashanti Evelina
Ashanti Frederick
Ashanti Genie
Ashanti Georgie
Ashanti Isadora
Ashanti Jammie
Ashanti Joey
Ashanti Junior
Ashanti Kyung
Ashanti Leia
Ashanti Leilani
Ashanti Leisha
Ashanti Lida
Ashanti Loma
Ashanti Loreen
Ashanti Lucienne
Ashanti Lynell
Ashanti Magen
Ashanti Marilu
Ashanti Marni
Ashanti Matilda
Ashanti Michal
Ashanti Millard
Ashanti Myrtie
Ashanti Odessa
Ashanti Ozella
Ashanti Patsy
Ashanti Refugio
Ashanti Renate
Ashanti Roberta
Ashanti Rosetta
Ashanti Ruth
Ashanti Samuel
Ashanti Santiago
Ashanti Seth
Ashanti Shara
Ashanti Sima
Ashanti Simona
Ashanti So
Ashanti Stacia
Ashanti Stepanie
Ashanti Stephine
Ashanti Synthia
Ashanti Tanesha
Ashanti Tanisha
Ashanti Tarra
Ashanti Tessa
Ashanti Thomasine
Ashanti Tod
Ashanti Vanesa
Ashanti Vanessa
Ashanti Vasiliki
Ashanti Wendy
Ashanti Wilfred
Ashanti Zulma
Ashlea Avril
Ashlea Barney
Ashlea Beula
Ashlea Cheri
Ashlea Christopher
Ashlea Claudia
Ashlea Clorinda
Ashlea Darcy
Ashlea Dominque
Ashlea Elva
Ashlea Ernest
Ashlea Eva
Ashlea Evelina
Ashlea Frederick
Ashlea Genie
Ashlea Georgie
Ashlea Ginette
Ashlea Hulda
Ashlea Isadora
Ashlea Jammie
Ashlea Jazmin
Ashlea Joey
Ashlea Junior
Ashlea Leia
Ashlea Leisha
Ashlea Lida
Ashlea Loma
Ashlea Loreen
Ashlea Louanne
Ashlea Lucie
Ashlea Lucienne
Ashlea Lyndon
Ashlea Lynell
Ashlea Marcelene
Ashlea Marceline
Ashlea Mariette
Ashlea Marilu
Ashlea Marni
Ashlea Matilda
Ashlea Michal
Ashlea Millard
Ashlea Odessa
Ashlea Ozella
Ashlea Patsy
Ashlea Rea
Ashlea Refugio
Ashlea Renate
Ashlea Roberta
Ashlea Rosetta
Ashlea Ruth
Ashlea Samuel
Ashlea Seth
Ashlea Shara
Ashlea Sima
Ashlea Stacia
Ashlea Stacy
Ashlea Stephine
Ashlea Synthia
Ashlea Tanesha
Ashlea Tarra
Ashlea Tessa
Ashlea Thomasine
Ashlea Tod
Ashlea Vanesa
Ashlea Vanessa
Ashlea Verda
Ashlea Wendy
Ashlea Wilfred
Ashlea Yan
Ashlea Zulma
Avril Beula
Avril Boyce
Avril Cheri
Avril Christopher
Avril Claudia
Avril Clayton
Avril Cristine
Avril Darcy
Avril Demarcus
Avril Dominque
Avril Evelina
Avril Frederick
Avril Ginette
Avril Isadora
Avril Jammie
Avril Jazmin
Avril Joey
Avril Joy
Avril Junior
Avril Kori
Avril Kyung
Avril Leia
Avril Leilani
Avril Leisha
Avril Lida
Avril Loma
Avril Loreen
Avril Lyndon
Avril Lynell
Avril Magen
Avril Mariette
Avril Marilu
Avril Matilda
Avril Millard
Avril Myrtie
Avril Odessa
Avril Ozella
Avril Patsy
Avril Renate
Avril Rosetta
Avril Samuel
Avril Santiago
Avril Seth
Avril Shara
Avril Sima
Avril Simona
Avril Stacia
Avril Stasia
Avril Stepanie
Avril Synthia
Avril Tanesha
Avril Tanisha
Avril Tarra
Avril Thomasine
Avril Tod
Avril Vanesa
Avril Vanessa
Avril Verda
Avril Wendy
Avril Wilfred
Avril Yan
Avril Zulma
Barney Beula
Barney Boyce
Barney Cheri
Barney Clayton
Barney Cristine
Barney Darcy
Barney Demarcus
Barney Dominque
Barney Eva
Barney Frederick
Barney Genie
Barney Ginette
Barney Jammie
Barney Jazmin
Barney Junior
Barney Kori
Barney Leilani
Barney Loma
Barney Loreen
Barney Louanne
Barney Lucie
Barney Lucienne
Barney Lyndon
Barney Lynell
Barney Marceline
Barney Mariette
Barney Marilu
Barney Michal
Barney Myrtie
Barney Odessa
Barney Ozella
Barney Patsy
Barney Refugio
Barney Renate
Barney Santiago
Barney Saturnina
Barney Seth
Barney Shara
Barney So
Barney Stacia
Barney Stacy
Barney Stasia
Barney Tanisha
Barney Tarra
Barney Tessa
Barney Vanesa
Barney Vasiliki
Barney Verda
Barney Wendy
Barney Wilfred
Barney Yan
Beula Cheri
Beula Claudia
Beula Clorinda
Beula Darcy
Beula Dominque
Beula Elva
Beula Eva
Beula Evelina
Beula Genie
Beula Ginette
Beula Jammie
Beula Jazmin
Beula Joy
Beula Junior
Beula Kyung
Beula Leia
Beula Leilani
Beula Leisha
Beula Lida
Beula Loma
Beula Loreen
Beula Louanne
Beula Lucie
Beula Lucienne
Beula Lyndon
Beula Lynell
Beula Magen
Beula Marceline
Beula Marni
Beula Matilda
Beula Michal
Beula Myrtie
Beula Patsy
Beula Refugio
Beula Roberta
Beula Rosetta
Beula Ruth
Beula Samuel
Beula Santiago
Beula Seth
Beula Sima
Beula So
Beula Stacy
Beula Stasia
Beula Stepanie
Beula Stephine
Beula Tanesha
Beula Tanisha
Beula Tessa
Beula Thomasine
Beula Vanesa
Beula Vanessa
Beula Vasiliki
Beula Wendy
Beula Wilfred
Beula Yan
Beula Zulma
Boyce Cheri
Boyce Christopher
Boyce Clayton
Boyce Cristine
Boyce Darcy
Boyce Dominque
Boyce Ernest
Boyce Eva
Boyce Evelina
Boyce Frederick
Boyce Genie
Boyce Georgie
Boyce Ginette
Boyce Isadora
Boyce Joey
Boyce Kori
Boyce Kyung
Boyce Leia
Boyce Leilani
Boyce Loma
Boyce Loreen
Boyce Louanne
Boyce Lucie
Boyce Lucienne
Boyce Lyndon
Boyce Lynell
Boyce Magen
Boyce Marcelene
Boyce Marceline
Boyce Marilu
Boyce Marni
Boyce Myrtie
Boyce Odessa
Boyce Patsy
Boyce Refugio
Boyce Roberta
Boyce Rosetta
Boyce Samuel
Boyce Saturnina
Boyce Seth
Boyce Shara
Boyce Sima
Boyce Simona
Boyce Stacy
Boyce Stepanie
Boyce Stephine
Boyce Synthia
Boyce Tanesha
Boyce Tanisha
Boyce Tarra
Boyce Tessa
Boyce Thomasine
Boyce Vanesa
Boyce Vanessa
Boyce Verda
Boyce Wendy
Boyce Wilfred
Boyce Yan
Boyce Zulma
Cheri Clorinda
Cheri Darcy
Cheri Dominque
Cheri Elva
Cheri Ernest
Cheri Eva
Cheri Evelina
Cheri Frederick
Cheri Genie
Cheri Georgie
Cheri Ginette
Cheri Hulda
Cheri Isadora
Cheri Jammie
Cheri Jazmin
Cheri Joey
Cheri Junior
Cheri Leia
Cheri Leilani
Cheri Leisha
Cheri Lida
Cheri Loma
Cheri Loreen
Cheri Lucie
Cheri Lucienne
Cheri Lyndon
Cheri Lynell
Cheri Magen
Cheri Marcelene
Cheri Marceline
Cheri Myrtie
Cheri Odessa
Cheri Ozella
Cheri Patsy
Cheri Rea
Cheri Refugio
Cheri Renate
Cheri Santiago
Cheri Saturnina
Cheri Seth
Cheri Shara
Cheri So
Cheri Stacy
Cheri Stephine
Cheri Synthia
Cheri Tanisha
Cheri Thomasine
Cheri Tod
Cheri Vasiliki
Cheri Verda
Cheri Wendy
Cheri Yan
Cheri Zulma
Christopher Claudia
Christopher Clorinda
Christopher Dominque
Christopher Eva
Christopher Georgie
Christopher Ginette
Christopher Hulda
Christopher Jammie
Christopher Joey
Christopher Joy
Christopher Junior
Christopher Kori
Christopher Kyung
Christopher Leia
Christopher Leilani
Christopher Lida
Christopher Loreen
Christopher Lucienne
Christopher Lyndon
Christopher Lynell
Christopher Mariette
Christopher Marni
Christopher Matilda
Christopher Michal
Christopher Myrtie
Christopher Ozella
Christopher Patsy
Christopher Rea
Christopher Renate
Christopher Roberta
Christopher Rosetta
Christopher Santiago
Christopher Saturnina
Christopher Seth
Christopher Shara
Christopher Sima
Christopher Simona
Christopher So
Christopher Stasia
Christopher Stepanie
Christopher Stephine
Christopher Synthia
Christopher Tanesha
Christopher Tarra
Christopher Thomasine
Christopher Tod
Christopher Vanesa
Christopher Vasiliki
Christopher Wendy
Christopher Wilfred
Claudia Clayton
Claudia Clorinda
Claudia Cristine
Claudia Darcy
Claudia Demarcus
Claudia Elva
Claudia Ernest
Claudia Eva
Claudia Frederick
Claudia Genie
Claudia Georgie
Claudia Ginette
Claudia Hulda
Claudia Isadora
Claudia Jazmin
Claudia Joy
Claudia Junior
Claudia Kori
Claudia Leia
Claudia Leilani
Claudia Leisha
Claudia Lida
Claudia Loma
Claudia Loreen
Claudia Louanne
Claudia Lucie
Claudia Lucienne
Claudia Magen
Claudia Marcelene
Claudia Marceline
Claudia Mariette
Claudia Marni
Claudia Matilda
Claudia Millard
Claudia Myrtie
Claudia Odessa
Claudia Ozella
Claudia Patsy
Claudia Rea
Claudia Refugio
Claudia Renate
Claudia Roberta
Claudia Rosetta
Claudia Ruth
Claudia Santiago
Claudia Saturnina
Claudia Seth
Claudia Shara
Claudia Sima
Claudia Simona
Claudia So
Claudia Stacy
Claudia Stasia
Claudia Stepanie
Claudia Stephine
Claudia Synthia
Claudia Tanesha
Claudia Tanisha
Claudia Tarra
Claudia Tessa
Claudia Thomasine
Claudia Tod
Claudia Vanesa
Claudia Vanessa
Claudia Vasiliki
Claudia Verda
Claudia Wendy
Claudia Wilfred
Claudia Yan
Claudia Zulma
Clayton Clorinda
Clayton Cristine
Clayton Demarcus
Clayton Dominque
Clayton Evelina
Clayton Georgie
Clayton Ginette
Clayton Isadora
Clayton Jammie
Clayton Jazmin
Clayton Joey
Clayton Joy
Clayton Junior
Clayton Kori
Clayton Kyung
Clayton Leia
Clayton Leilani
Clayton Lida
Clayton Loma
Clayton Loreen
Clayton Louanne
Clayton Lucienne
Clayton Lynell
Clayton Marcelene
Clayton Marceline
Clayton Mariette
Clayton Marilu
Clayton Marni
Clayton Matilda
Clayton Millard
Clayton Myrtie
Clayton Odessa
Clayton Ozella
Clayton Rea
Clayton Refugio
Clayton Renate
Clayton Roberta
Clayton Rosetta
Clayton Ruth
Clayton Saturnina
Clayton Shara
Clayton Simona
Clayton So
Clayton Stacy
Clayton Stasia
Clayton Stephine
Clayton Synthia
Clayton Tarra
Clayton Tessa
Clayton Thomasine
Clayton Tod
Clayton Vasiliki
Clayton Verda
Clayton Wilfred
Clayton Yan
Clayton Zulma
Clorinda Cristine
Clorinda Darcy
Clorinda Demarcus
Clorinda Dominque
Clorinda Elva
Clorinda Ernest
Clorinda Eva
Clorinda Evelina
Clorinda Frederick
Clorinda Genie
Clorinda Hulda
Clorinda Isadora
Clorinda Jammie
Clorinda Jazmin
Clorinda Joey
Clorinda Joy
Clorinda Junior
Clorinda Kori
Clorinda Leilani
Clorinda Leisha
Clorinda Lida
Clorinda Loreen
Clorinda Lucienne
Clorinda Lynell
Clorinda Marcelene
Clorinda Marilu
Clorinda Marni
Clorinda Matilda
Clorinda Michal
Clorinda Millard
Clorinda Myrtie
Clorinda Ozella
Clorinda Patsy
Clorinda Rea
Clorinda Refugio
Clorinda Renate
Clorinda Roberta
Clorinda Rosetta
Clorinda Santiago
Clorinda Saturnina
Clorinda Seth
Clorinda Shara
Clorinda Sima
Clorinda Simona
Clorinda So
Clorinda Stacia
Clorinda Stacy
Clorinda Stasia
Clorinda Stepanie
Clorinda Stephine
Clorinda Synthia
Clorinda Tanesha
Clorinda Tanisha
Clorinda Tarra
Clorinda Thomasine
Clorinda Tod
Clorinda Vanesa
Clorinda Vanessa
Clorinda Vasiliki
Clorinda Verda
Clorinda Wendy
Clorinda Wilfred
Clorinda Yan
Clorinda Zulma
Cristine Demarcus
Cristine Dominque
Cristine Elva
Cristine Frederick
Cristine Georgie
Cristine Isadora
Cristine Jazmin
Cristine Joey
Cristine Kori
Cristine Kyung
Cristine Leia
Cristine Leilani
Cristine Leisha
Cristine Lida
Cristine Loreen
Cristine Lucienne
Cristine Lyndon
Cristine Lynell
Cristine Mariette
Cristine Marni
Cristine Matilda
Cristine Michal
Cristine Myrtie
Cristine Ozella
Cristine Patsy
Cristine Rea
Cristine Refugio
Cristine Renate
Cristine Roberta
Cristine Ruth
Cristine Samuel
Cristine Saturnina
Cristine Seth
Cristine Sima
Cristine Simona
Cristine So
Cristine Stacia
Cristine Stasia
Cristine Stepanie
Cristine Stephine
Cristine Synthia
Cristine Tarra
Cristine Tessa
Cristine Thomasine
Cristine Tod
Cristine Vanesa
Cristine Vanessa
Cristine Vasiliki
Cristine Wendy
Cristine Wilfred
Cristine Yan
Cristine Zulma
Darcy Demarcus
Darcy Dominque
Darcy Elva
Darcy Ernest
Darcy Eva
Darcy Evelina
Darcy Frederick
Darcy Genie
Darcy Georgie
Darcy Ginette
Darcy Isadora
Darcy Jammie
Darcy Jazmin
Darcy Joey
Darcy Kori
Darcy Kyung
Darcy Leia
Darcy Leilani
Darcy Leisha
Darcy Lida
Darcy Loreen
Darcy Louanne
Darcy Lucienne
Darcy Lyndon
Darcy Lynell
Darcy Marceline
Darcy Marilu
Darcy Marni
Darcy Matilda
Darcy Michal
Darcy Millard
Darcy Myrtie
Darcy Odessa
Darcy Ozella
Darcy Patsy
Darcy Rea
Darcy Refugio
Darcy Rosetta
Darcy Ruth
Darcy Samuel
Darcy Seth
Darcy Shara
Darcy Sima
Darcy Simona
Darcy So
Darcy Stacia
Darcy Stacy
Darcy Stasia
Darcy Stepanie
Darcy Tanesha
Darcy Tarra
Darcy Vanesa
Darcy Vanessa
Darcy Verda
Darcy Wendy
Darcy Wilfred
Darcy Yan
Darcy Zulma
Demarcus Dominque
Demarcus Elva
Demarcus Eva
Demarcus Evelina
Demarcus Frederick
Demarcus Georgie
Demarcus Ginette
Demarcus Junior
Demarcus Kori
Demarcus Kyung
Demarcus Leia
Demarcus Leisha
Demarcus Loma
Demarcus Loreen
Demarcus Louanne
Demarcus Lucienne
Demarcus Lyndon
Demarcus Lynell
Demarcus Magen
Demarcus Marcelene
Demarcus Marceline
Demarcus Matilda
Demarcus Michal
Demarcus Millard
Demarcus Odessa
Demarcus Patsy
Demarcus Refugio
Demarcus Renate
Demarcus Roberta
Demarcus Rosetta
Demarcus Samuel
Demarcus Seth
Demarcus Shara
Demarcus Sima
Demarcus Simona
Demarcus So
Demarcus Stacia
Demarcus Stacy
Demarcus Stepanie
Demarcus Synthia
Demarcus Tanesha
Demarcus Tanisha
Demarcus Tarra
Demarcus Thomasine
Demarcus Vanessa
Demarcus Vasiliki
Demarcus Verda
Demarcus Wendy
Demarcus Wilfred
Demarcus Yan
Demarcus Zulma
Dominque Evelina
Dominque Frederick
Dominque Genie
Dominque Georgie
Dominque Ginette
Dominque Hulda
Dominque Isadora
Dominque Jammie
Dominque Jazmin
Dominque Joey
Dominque Joy
Dominque Junior
Dominque Kori
Dominque Kyung
Dominque Leia
Dominque Lida
Dominque Loma
Dominque Loreen
Dominque Louanne
Dominque Lucienne
Dominque Lyndon
Dominque Lynell
Dominque Marcelene
Dominque Mariette
Dominque Marni
Dominque Matilda
Dominque Michal
Dominque Millard
Dominque Odessa
Dominque Ozella
Dominque Patsy
Dominque Rea
Dominque Roberta
Dominque Ruth
Dominque Samuel
Dominque Santiago
Dominque Seth
Dominque Shara
Dominque Sima
Dominque Simona
Dominque Stacy
Dominque Stasia
Dominque Stepanie
Dominque Stephine
Dominque Synthia
Dominque Tanisha
Dominque Tarra
Dominque Tessa
Dominque Thomasine
Dominque Vanessa
Dominque Vasiliki
Dominque Wendy
Dominque Wilfred
Dominque Yan
Dominque Zulma
Elva Ernest
Elva Eva
Elva Genie
Elva Georgie
Elva Ginette
Elva Hulda
Elva Isadora
Elva Jammie
Elva Jazmin
Elva Joey
Elva Junior
Elva Leia
Elva Leisha
Elva Loma
Elva Loreen
Elva Louanne
Elva Lucie
Elva Lyndon
Elva Lynell
Elva Marceline
Elva Marilu
Elva Michal
Elva Millard
Elva Myrtie
Elva Ozella
Elva Rea
Elva Refugio
Elva Renate
Elva Roberta
Elva Ruth
Elva Samuel
Elva Santiago
Elva Saturnina
Elva Sima
Elva So
Elva Stacia
Elva Stacy
Elva Stephine
Elva Synthia
Elva Tanesha
Elva Tanisha
Elva Tarra
Elva Thomasine
Elva Vanesa
Elva Vanessa
Elva Vasiliki
Elva Verda
Elva Wendy
Elva Wilfred
Ernest Eva
Ernest Genie
Ernest Ginette
Ernest Hulda
Ernest Isadora
Ernest Jammie
Ernest Joey
Ernest Joy
Ernest Junior
Ernest Kyung
Ernest Leia
Ernest Leilani
Ernest Leisha
Ernest Lida
Ernest Louanne
Ernest Lucie
Ernest Lucienne
Ernest Lyndon
Ernest Lynell
Ernest Marcelene
Ernest Marceline
Ernest Mariette
Ernest Matilda
Ernest Myrtie
Ernest Odessa
Ernest Ozella
Ernest Refugio
Ernest Roberta
Ernest Rosetta
Ernest Samuel
Ernest Saturnina
Ernest Shara
Ernest Simona
Ernest So
Ernest Stacia
Ernest Stacy
Ernest Stasia
Ernest Stepanie
Ernest Synthia
Ernest Tanesha
Ernest Tessa
Ernest Thomasine
Ernest Tod
Ernest Vanesa
Ernest Vanessa
Ernest Vasiliki
Ernest Verda
Ernest Wendy
Ernest Yan
Eva Frederick
Eva Genie
Eva Hulda
Eva Isadora
Eva Jammie
Eva Jazmin
Eva Joey
Eva Junior
Eva Kyung
Eva Leia
Eva Leisha
Eva Lida
Eva Loma
Eva Loreen
Eva Louanne
Eva Lucie
Eva Lucienne
Eva Lyndon
Eva Lynell
Eva Magen
Eva Marceline
Eva Marni
Eva Millard
Eva Myrtie
Eva Odessa
Eva Ozella
Eva Patsy
Eva Refugio
Eva Renate
Eva Roberta
Eva Rosetta
Eva Ruth
Eva Samuel
Eva Shara
Eva Sima
Eva So
Eva Stacia
Eva Stacy
Eva Stasia
Eva Stepanie
Eva Synthia
Eva Tanesha
Eva Tanisha
Eva Tarra
Eva Tessa
Eva Tod
Eva Vanessa
Eva Vasiliki
Eva Verda
Eva Wendy
Eva Wilfred
Eva Yan
Eva Zulma
Evelina Frederick
Evelina Genie
Evelina Georgie
Evelina Ginette
Evelina Hulda
Evelina Isadora
Evelina Joey
Evelina Joy
Evelina Kori
Evelina Leia
Evelina Loma
Evelina Loreen
Evelina Louanne
Evelina Lucie
Evelina Lucienne
Evelina Lyndon
Evelina Marceline
Evelina Mariette
Evelina Matilda
Evelina Michal
Evelina Millard
Evelina Myrtie
Evelina Ozella
Evelina Patsy
Evelina Rea
Evelina Refugio
Evelina Renate
Evelina Roberta
Evelina Rosetta
Evelina Ruth
Evelina Santiago
Evelina Saturnina
Evelina Seth
Evelina Shara
Evelina Sima
Evelina So
Evelina Stacy
Evelina Stepanie
Evelina Stephine
Evelina Synthia
Evelina Tanesha
Evelina Tanisha
Evelina Tarra
Evelina Thomasine
Evelina Tod
Evelina Vanesa
Evelina Vanessa
Evelina Verda
Evelina Wendy
Evelina Wilfred
Evelina Yan
Evelina Zulma
Frederick Genie
Frederick Isadora
Frederick Joey
Frederick Junior
Frederick Kyung
Frederick Leia
Frederick Leilani
Frederick Lida
Frederick Loreen
Frederick Louanne
Frederick Lucie
Frederick Lucienne
Frederick Lyndon
Frederick Marcelene
Frederick Marceline
Frederick Mariette
Frederick Marilu
Frederick Marni
Frederick Michal
Frederick Millard
Frederick Myrtie
Frederick Ozella
Frederick Patsy
Frederick Rea
Frederick Refugio
Frederick Renate
Frederick Roberta
Frederick Rosetta
Frederick Samuel
Frederick Saturnina
Frederick Shara
Frederick So
Frederick Stacia
Frederick Stasia
Frederick Stephine
Frederick Synthia
Frederick Tanisha
Frederick Tarra
Frederick Tessa
Frederick Tod
Frederick Vanesa
Frederick Vanessa
Frederick Vasiliki
Frederick Verda
Frederick Wendy
Frederick Wilfred
Frederick Yan
Genie Georgie
Genie Ginette
Genie Hulda
Genie Isadora
Genie Jazmin
Genie Joey
Genie Joy
Genie Junior
Genie Kori
Genie Leia
Genie Leilani
Genie Leisha
Genie Lida
Genie Loma
Genie Loreen
Genie Louanne
Genie Lucienne
Genie Lyndon
Genie Magen
Genie Marcelene
Genie Marceline
Genie Mariette
Genie Marilu
Genie Marni
Genie Michal
Genie Millard
Genie Myrtie
Genie Odessa
Genie Ozella
Genie Patsy
Genie Rea
Genie Refugio
Genie Renate
Genie Roberta
Genie Rosetta
Genie Ruth
Genie Samuel
Genie Saturnina
Genie Seth
Genie Shara
Genie Sima
Genie Simona
Genie So
Genie Stacy
Genie Stasia
Genie Stepanie
Genie Stephine
Genie Synthia
Genie Tanesha
Genie Tanisha
Genie Thomasine
Genie Tod
Genie Vanesa
Genie Vanessa
Genie Vasiliki
Genie Verda
Genie Wendy
Genie Wilfred
Genie Yan
Genie Zulma
Georgie Ginette
Georgie Isadora
Georgie Jammie
Georgie Jazmin
Georgie Junior
Georgie Kori
Georgie Leia
Georgie Leilani
Georgie Lyndon
Georgie Lynell
Georgie Marcelene
Georgie Mariette
Georgie Marilu
Georgie Marni
Georgie Michal
Georgie Myrtie
Georgie Odessa
Georgie Ozella
Georgie Patsy
Georgie Rea
Georgie Refugio
Georgie Renate
Georgie Roberta
Georgie Ruth
Georgie Samuel
Georgie Saturnina
Georgie Seth
Georgie Sima
Georgie Simona
Georgie Stacy
Georgie Stephine
Georgie Synthia
Georgie Tarra
Georgie Thomasine
Georgie Vanesa
Georgie Vanessa
Georgie Wendy
Georgie Yan
Ginette Hulda
Ginette Jammie
Ginette Joey
Ginette Junior
Ginette Leia
Ginette Leilani
Ginette Lida
Ginette Loma
Ginette Louanne
Ginette Lucienne
Ginette Lyndon
Ginette Lynell
Ginette Marcelene
Ginette Matilda
Ginette Michal
Ginette Myrtie
Ginette Odessa
Ginette Ozella
Ginette Patsy
Ginette Rea
Ginette Renate
Ginette Roberta
Ginette Samuel
Ginette Saturnina
Ginette Seth
Ginette Shara
Ginette Simona
Ginette So
Ginette Stacy
Ginette Stasia
Ginette Stepanie
Ginette Stephine
Ginette Tanisha
Ginette Tarra
Ginette Tessa
Ginette Thomasine
Ginette Tod
Ginette Vanesa
Ginette Vanessa
Ginette Vasiliki
Ginette Yan
Ginette Zulma
Hulda Jazmin
Hulda Junior
Hulda Kori
Hulda Leilani
Hulda Leisha
Hulda Loma
Hulda Loreen
Hulda Lucie
Hulda Lucienne
Hulda Marilu
Hulda Matilda
Hulda Michal
Hulda Millard
Hulda Odessa
Hulda Ozella
Hulda Rea
Hulda Renate
Hulda Roberta
Hulda Rosetta
Hulda Ruth
Hulda Samuel
Hulda Santiago
Hulda Seth
Hulda Shara
Hulda Sima
Hulda Simona
Hulda So
Hulda Stacia
Hulda Stasia
Hulda Synthia
Hulda Tanesha
Hulda Tanisha
Hulda Tessa
Hulda Thomasine
Hulda Vanesa
Hulda Vanessa
Hulda Wendy
Hulda Wilfred
Isadora Jammie
Isadora Jazmin
Isadora Joey
Isadora Junior
Isadora Kyung
Isadora Leia
Isadora Leilani
Isadora Leisha
Isadora Lida
Isadora Loma
Isadora Lucie
Isadora Lyndon
Isadora Lynell
Isadora Magen
Isadora Marcelene
Isadora Marilu
Isadora Marni
Isadora Matilda
Isadora Michal
Isadora Millard
Isadora Myrtie
Isadora Odessa
Isadora Ozella
Isadora Patsy
Isadora Rea
Isadora Renate
Isadora Roberta
Isadora Rosetta
Isadora Ruth
Isadora Samuel
Isadora Saturnina
Isadora Seth
Isadora Sima
Isadora So
Isadora Stacia
Isadora Stacy
Isadora Synthia
Isadora Tanesha
Isadora Tarra
Isadora Thomasine
Isadora Vanessa
Isadora Vasiliki
Isadora Wendy
Isadora Wilfred
Isadora Yan
Isadora Zulma
Jammie Jazmin
Jammie Joey
Jammie Joy
Jammie Junior
Jammie Kori
Jammie Kyung
Jammie Leia
Jammie Leilani
Jammie Leisha
Jammie Lida
Jammie Loma
Jammie Loreen
Jammie Louanne
Jammie Lucienne
Jammie Lynell
Jammie Mariette
Jammie Marilu
Jammie Matilda
Jammie Michal
Jammie Ozella
Jammie Patsy
Jammie Rea
Jammie Refugio
Jammie Renate
Jammie Roberta
Jammie Ruth
Jammie Samuel
Jammie Santiago
Jammie Saturnina
Jammie Seth
Jammie Shara
Jammie Stasia
Jammie Stepanie
Jammie Stephine
Jammie Synthia
Jammie Tanisha
Jammie Tarra
Jammie Tessa
Jammie Thomasine
Jammie Tod
Jammie Vanessa
Jammie Vasiliki
Jammie Verda
Jammie Wendy
Jammie Wilfred
Jammie Yan
Jammie Zulma
Jazmin Joey
Jazmin Joy
Jazmin Junior
Jazmin Kori
Jazmin Leilani
Jazmin Lida
Jazmin Loma
Jazmin Loreen
Jazmin Louanne
Jazmin Lynell
Jazmin Marceline
Jazmin Mariette
Jazmin Marilu
Jazmin Marni
Jazmin Matilda
Jazmin Myrtie
Jazmin Ozella
Jazmin Patsy
Jazmin Rea
Jazmin Refugio
Jazmin Renate
Jazmin Roberta
Jazmin Samuel
Jazmin Santiago
Jazmin Saturnina
Jazmin Seth
Jazmin Sima
Jazmin Stacia
Jazmin Stacy
Jazmin Stasia
Jazmin Stepanie
Jazmin Stephine
Jazmin Synthia
Jazmin Tanisha
Jazmin Tarra
Jazmin Tessa
Jazmin Thomasine
Jazmin Vanesa
Jazmin Vasiliki
Jazmin Verda
Jazmin Wendy
Jazmin Wilfred
Jazmin Yan
Jazmin Zulma
Joey Junior
Joey Kori
Joey Kyung
Joey Leia
Joey Leilani
Joey Lida
Joey Loma
Joey Loreen
Joey Lucie
Joey Lucienne
Joey Lyndon
Joey Lynell
Joey Magen
Joey Marceline
Joey Mariette
Joey Marilu
Joey Marni
Joey Matilda
Joey Michal
Joey Myrtie
Joey Ozella
Joey Patsy
Joey Refugio
Joey Renate
Joey Rosetta
Joey Ruth
Joey Santiago
Joey Saturnina
Joey Seth
Joey Shara
Joey Sima
Joey Simona
Joey So
Joey Stacy
Joey Stasia
Joey Stepanie
Joey Synthia
Joey Tanesha
Joey Tanisha
Joey Tarra
Joey Tessa
Joey Thomasine
Joey Tod
Joey Vanesa
Joey Vanessa
Joey Vasiliki
Joey Verda
Joey Wendy
Joey Wilfred
Joey Yan
Joey Zulma
Joy Junior
Joy Kyung
Joy Leia
Joy Leilani
Joy Lida
Joy Loma
Joy Loreen
Joy Louanne
Joy Lucienne
Joy Lyndon
Joy Lynell
Joy Magen
Joy Marceline
Joy Mariette
Joy Marilu
Joy Marni
Joy Matilda
Joy Odessa
Joy Rea
Joy Refugio
Joy Renate
Joy Rosetta
Joy Ruth
Joy Santiago
Joy Saturnina
Joy Seth
Joy So
Joy Stacy
Joy Stasia
Joy Stepanie
Joy Tanesha
Joy Tanisha
Joy Tarra
Joy Tessa
Joy Tod
Joy Vasiliki
Joy Wendy
Joy Yan
Junior Kori
Junior Kyung
Junior Leia
Junior Leilani
Junior Leisha
Junior Lida
Junior Loma
Junior Loreen
Junior Louanne
Junior Lucie
Junior Lucienne
Junior Lyndon
Junior Magen
Junior Marcelene
Junior Marceline
Junior Mariette
Junior Marilu
Junior Marni
Junior Matilda
Junior Michal
Junior Millard
Junior Myrtie
Junior Odessa
Junior Ozella
Junior Patsy
Junior Rea
Junior Refugio
Junior Renate
Junior Roberta
Junior Rosetta
Junior Samuel
Junior Santiago
Junior Seth
Junior Shara
Junior Sima
Junior Simona
Junior So
Junior Stacia
Junior Stacy
Junior Stasia
Junior Stepanie
Junior Stephine
Junior Synthia
Junior Tanisha
Junior Tarra
Junior Tessa
Junior Thomasine
Junior Tod
Junior Vanessa
Junior Vasiliki
Junior Verda
Junior Wendy
Junior Wilfred
Junior Zulma
Kori Kyung
Kori Leilani
Kori Loreen
Kori Lyndon
Kori Lynell
Kori Magen
Kori Marcelene
Kori Marceline
Kori Mariette
Kori Marni
Kori Matilda
Kori Millard
Kori Myrtie
Kori Odessa
Kori Patsy
Kori Rea
Kori Refugio
Kori Renate
Kori Roberta
Kori Rosetta
Kori Samuel
Kori Saturnina
Kori Shara
Kori Sima
Kori So
Kori Stepanie
Kori Stephine
Kori Tanesha
Kori Tanisha
Kori Tarra
Kori Tessa
Kori Thomasine
Kori Tod
Kori Vanesa
Kori Vanessa
Kori Vasiliki
Kori Wendy
Kori Wilfred
Kori Yan
Kyung Leilani
Kyung Leisha
Kyung Lida
Kyung Loreen
Kyung Louanne
Kyung Lucienne
Kyung Lyndon
Kyung Lynell
Kyung Marceline
Kyung Mariette
Kyung Millard
Kyung Myrtie
Kyung Odessa
Kyung Ozella
Kyung Patsy
Kyung Rea
Kyung Renate
Kyung Roberta
Kyung Rosetta
Kyung Ruth
Kyung Samuel
Kyung Santiago
Kyung Saturnina
Kyung Seth
Kyung Sima
Kyung Simona
Kyung So
Kyung Stacia
Kyung Stepanie
Kyung Tarra
Kyung Tessa
Kyung Tod
Kyung Vanessa
Kyung Vasiliki
Kyung Wendy
Kyung Wilfred
Kyung Yan
Kyung Zulma
Leia Leilani
Leia Leisha
Leia Lida
Leia Loma
Leia Loreen
Leia Louanne
Leia Lucienne
Leia Lynell
Leia Marcelene
Leia Marceline
Leia Mariette
Leia Marilu
Leia Marni
Leia Matilda
Leia Michal
Leia Millard
Leia Myrtie
Leia Odessa
Leia Ozella
Leia Refugio
Leia Renate
Leia Roberta
Leia Rosetta
Leia Ruth
Leia Samuel
Leia Saturnina
Leia Seth
Leia Shara
Leia Sima
Leia Simona
Leia So
Leia Stacia
Leia Stacy
Leia Stasia
Leia Stepanie
Leia Stephine
Leia Synthia
Leia Tanesha
Leia Tanisha
Leia Tarra
Leia Tessa
Leia Thomasine
Leia Tod
Leia Vanesa
Leia Vanessa
Leia Vasiliki
Leia Wendy
Leia Wilfred
Leia Yan
Leilani Lida
Leilani Loma
Leilani Loreen
Leilani Lucie
Leilani Lucienne
Leilani Lyndon
Leilani Lynell
Leilani Magen
Leilani Marceline
Leilani Mariette
Leilani Marilu
Leilani Marni
Leilani Matilda
Leilani Michal
Leilani Millard
Leilani Myrtie
Leilani Odessa
Leilani Ozella
Leilani Rea
Leilani Refugio
Leilani Renate
Leilani Roberta
Leilani Rosetta
Leilani Ruth
Leilani Samuel
Leilani Santiago
Leilani Saturnina
Leilani Seth
Leilani Shara
Leilani Simona
Leilani So
Leilani Stacia
Leilani Stacy
Leilani Stepanie
Leilani Stephine
Leilani Synthia
Leilani Tanesha
Leilani Tanisha
Leilani Tessa
Leilani Thomasine
Leilani Vanesa
Leilani Vanessa
Leilani Vasiliki
Leilani Verda
Leilani Wendy
Leilani Wilfred
Leilani Yan
Leilani Zulma
Leisha Lida
Leisha Loma
Leisha Loreen
Leisha Louanne
Leisha Lucie
Leisha Lucienne
Leisha Lyndon
Leisha Lynell
Leisha Marceline
Leisha Mariette
Leisha Marilu
Leisha Marni
Leisha Matilda
Leisha Millard
Leisha Odessa
Leisha Patsy
Leisha Rea
Leisha Refugio
Leisha Renate
Leisha Roberta
Leisha Rosetta
Leisha Ruth
Leisha Santiago
Leisha Saturnina
Leisha Seth
Leisha Shara
Leisha Stacia
Leisha Stacy
Leisha Stepanie
Leisha Stephine
Leisha Synthia
Leisha Tanesha
Leisha Tanisha
Leisha Tarra
Leisha Thomasine
Leisha Tod
Leisha Vasiliki
Leisha Wendy
Leisha Wilfred
Leisha Yan
Leisha Zulma
Lida Loma
Lida Loreen
Lida Louanne
Lida Lucie
Lida Lyndon
Lida Lynell
Lida Marceline
Lida Marilu
Lida Marni
Lida Matilda
Lida Millard
Lida Myrtie
Lida Odessa
Lida Ozella
Lida Patsy
Lida Rea
Lida Refugio
Lida Renate
Lida Roberta
Lida Ruth
Lida Samuel
Lida Santiago
Lida Seth
Lida Shara
Lida Sima
Lida Simona
Lida So
Lida Stacy
Lida Stasia
Lida Stepanie
Lida Stephine
Lida Tanesha
Lida Tessa
Lida Tod
Lida Vanessa
Lida Vasiliki
Lida Verda
Lida Wendy
Lida Wilfred
Lida Yan
Lida Zulma
Loma Loreen
Loma Louanne
Loma Lynell
Loma Magen
Loma Marcelene
Loma Marceline
Loma Marilu
Loma Matilda
Loma Millard
Loma Myrtie
Loma Odessa
Loma Ozella
Loma Refugio
Loma Renate
Loma Roberta
Loma Rosetta
Loma Seth
Loma Shara
Loma Sima
Loma So
Loma Stasia
Loma Stephine
Loma Synthia
Loma Tanesha
Loma Tanisha
Loma Tarra
Loma Thomasine
Loma Tod
Loma Vanesa
Loma Vanessa
Loma Vasiliki
Loma Verda
Loma Wilfred
Loma Yan
Loma Zulma
Loreen Louanne
Loreen Lucie
Loreen Lucienne
Loreen Lyndon
Loreen Magen
Loreen Marceline
Loreen Marilu
Loreen Marni
Loreen Michal
Loreen Millard
Loreen Odessa
Loreen Ozella
Loreen Refugio
Loreen Roberta
Loreen Rosetta
Loreen Santiago
Loreen Saturnina
Loreen Seth
Loreen Shara
Loreen Simona
Loreen So
Loreen Stacia
Loreen Stacy
Loreen Stasia
Loreen Tanesha
Loreen Tanisha
Loreen Tarra
Loreen Tessa
Loreen Vanessa
Loreen Vasiliki
Loreen Verda
Loreen Wendy
Loreen Yan
Loreen Zulma
Louanne Lucie
Louanne Lucienne
Louanne Lyndon
Louanne Lynell
Louanne Mariette
Louanne Marilu
Louanne Matilda
Louanne Michal
Louanne Millard
Louanne Myrtie
Louanne Odessa
Louanne Ozella
Louanne Patsy
Louanne Rea
Louanne Refugio
Louanne Renate
Louanne Rosetta
Louanne Ruth
Louanne Samuel
Louanne Santiago
Louanne Seth
Louanne Sima
Louanne Simona
Louanne So
Louanne Stacia
Louanne Stacy
Louanne Stephine
Louanne Tanesha
Louanne Tanisha
Louanne Thomasine
Louanne Tod
Louanne Vanesa
Louanne Vanessa
Louanne Vasiliki
Louanne Verda
Louanne Wendy
Louanne Wilfred
Louanne Yan
Lucie Lucienne
Lucie Lyndon
Lucie Lynell
Lucie Magen
Lucie Marceline
Lucie Matilda
Lucie Millard
Lucie Myrtie
Lucie Odessa
Lucie Patsy
Lucie Renate
Lucie Roberta
Lucie Rosetta
Lucie Ruth
Lucie Santiago
Lucie Shara
Lucie So
Lucie Stacia
Lucie Stacy
Lucie Tanesha
Lucie Tanisha
Lucie Tarra
Lucie Tessa
Lucie Thomasine
Lucie Vanessa
Lucie Vasiliki
Lucie Wendy
Lucie Wilfred
Lucie Yan
Lucie Zulma
Lucienne Lyndon
Lucienne Lynell
Lucienne Magen
Lucienne Marcelene
Lucienne Marceline
Lucienne Mariette
Lucienne Marni
Lucienne Matilda
Lucienne Michal
Lucienne Millard
Lucienne Myrtie
Lucienne Rea
Lucienne Refugio
Lucienne Renate
Lucienne Roberta
Lucienne Rosetta
Lucienne Samuel
Lucienne Santiago
Lucienne Seth
Lucienne Sima
Lucienne Simona
Lucienne So
Lucienne Stacia
Lucienne Stacy
Lucienne Stasia
Lucienne Stepanie
Lucienne Stephine
Lucienne Synthia
Lucienne Tanesha
Lucienne Tanisha
Lucienne Tarra
Lucienne Vanesa
Lucienne Vasiliki
Lucienne Verda
Lucienne Wendy
Lucienne Yan
Lucienne Zulma
Lyndon Lynell
Lyndon Marcelene
Lyndon Marceline
Lyndon Mariette
Lyndon Marilu
Lyndon Michal
Lyndon Millard
Lyndon Myrtie
Lyndon Odessa
Lyndon Patsy
Lyndon Rea
Lyndon Refugio
Lyndon Renate
Lyndon Roberta
Lyndon Rosetta
Lyndon Samuel
Lyndon Santiago
Lyndon Saturnina
Lyndon Seth
Lyndon Shara
Lyndon Sima
Lyndon So
Lyndon Stacia
Lyndon Stasia
Lyndon Stepanie
Lyndon Synthia
Lyndon Tanesha
Lyndon Tanisha
Lyndon Tarra
Lyndon Tessa
Lyndon Thomasine
Lyndon Tod
Lyndon Vanesa
Lyndon Vanessa
Lyndon Vasiliki
Lyndon Verda
Lyndon Wendy
Lyndon Wilfred
Lyndon Yan
Lynell Marcelene
Lynell Mariette
Lynell Marni
Lynell Matilda
Lynell Millard
Lynell Myrtie
Lynell Odessa
Lynell Rea
Lynell Refugio
Lynell Renate
Lynell Roberta
Lynell Ruth
Lynell Samuel
Lynell Santiago
Lynell Saturnina
Lynell Seth
Lynell Sima
Lynell Simona
Lynell Stacy
Lynell Stepanie
Lynell Stephine
Lynell Tanesha
Lynell Tanisha
Lynell Tarra
Lynell Tod
Lynell Vanesa
Lynell Vanessa
Lynell Vasiliki
Lynell Verda
Lynell Wendy
Lynell Wilfred
Lynell Yan
Lynell Zulma
Magen Marceline
Magen Marilu
Magen Marni
Magen Michal
Magen Millard
Magen Ozella
Magen Renate
Magen Roberta
Magen Samuel
Magen Santiago
Magen Stacia
Magen Stacy
Magen Stasia
Magen Stepanie
Magen Synthia
Magen Tanesha
Magen Tanisha
Magen Vanessa
Magen Verda
Magen Wilfred
Magen Zulma
Marcelene Marceline
Marcelene Marilu
Marcelene Marni
Marcelene Matilda
Marcelene Michal
Marcelene Millard
Marcelene Myrtie
Marcelene Odessa
Marcelene Patsy
Marcelene Renate
Marcelene Roberta
Marcelene Rosetta
Marcelene Seth
Marcelene Sima
Marcelene So
Marcelene Stephine
Marcelene Synthia
Marcelene Tanisha
Marcelene Tarra
Marcelene Thomasine
Marcelene Tod
Marcelene Vanesa
Marcelene Vanessa
Marcelene Vasiliki
Marcelene Verda
Marcelene Wilfred
Marcelene Yan
Marceline Mariette
Marceline Marilu
Marceline Matilda
Marceline Michal
Marceline Millard
Marceline Myrtie
Marceline Odessa
Marceline Ozella
Marceline Patsy
Marceline Rea
Marceline Refugio
Marceline Renate
Marceline Roberta
Marceline Rosetta
Marceline Ruth
Marceline Santiago
Marceline Saturnina
Marceline Seth
Marceline Shara
Marceline So
Marceline Stacia
Marceline Stacy
Marceline Stasia
Marceline Synthia
Marceline Tanesha
Marceline Tanisha
Marceline Tarra
Marceline Tessa
Marceline Tod
Marceline Vanessa
Marceline Verda
Marceline Wendy
Marceline Wilfred
Marceline Yan
Marceline Zulma
Mariette Marilu
Mariette Marni
Mariette Michal
Mariette Millard
Mariette Myrtie
Mariette Odessa
Mariette Patsy
Mariette Rea
Mariette Refugio
Mariette Renate
Mariette Roberta
Mariette Rosetta
Mariette Ruth
Mariette Samuel
Mariette Saturnina
Mariette Seth
Mariette Shara
Mariette Sima
Mariette Simona
Mariette So
Mariette Stacy
Mariette Stasia
Mariette Stepanie
Mariette Stephine
Mariette Synthia
Mariette Tanesha
Mariette Tarra
Mariette Tessa
Mariette Tod
Mariette Vanesa
Mariette Vanessa
Mariette Wendy
Mariette Wilfred
Mariette Zulma
Marilu Marni
Marilu Matilda
Marilu Michal
Marilu Millard
Marilu Rea
Marilu Refugio
Marilu Renate
Marilu Rosetta
Marilu Santiago
Marilu Saturnina
Marilu Seth
Marilu Shara
Marilu Sima
Marilu Simona
Marilu So
Marilu Stacia
Marilu Stacy
Marilu Stasia
Marilu Stephine
Marilu Tanesha
Marilu Tanisha
Marilu Tessa
Marilu Thomasine
Marilu Tod
Marilu Vanesa
Marilu Vanessa
Marilu Wendy
Marilu Wilfred
Marilu Yan
Marilu Zulma
Marni Matilda
Marni Michal
Marni Millard
Marni Ozella
Marni Patsy
Marni Rea
Marni Refugio
Marni Renate
Marni Roberta
Marni Rosetta
Marni Ruth
Marni Samuel
Marni Santiago
Marni Saturnina
Marni Seth
Marni Shara
Marni Sima
Marni Simona
Marni Stacia
Marni Stacy
Marni Stasia
Marni Stepanie
Marni Stephine
Marni Synthia
Marni Tanesha
Marni Tanisha
Marni Thomasine
Marni Vanesa
Marni Vanessa
Marni Vasiliki
Marni Verda
Marni Wendy
Marni Zulma
Matilda Michal
Matilda Millard
Matilda Odessa
Matilda Ozella
Matilda Patsy
Matilda Rea
Matilda Refugio
Matilda Renate
Matilda Roberta
Matilda Rosetta
Matilda Samuel
Matilda Santiago
Matilda Saturnina
Matilda Seth
Matilda Shara
Matilda Sima
Matilda Simona
Matilda So
Matilda Stacia
Matilda Stacy
Matilda Stasia
Matilda Stepanie
Matilda Stephine
Matilda Synthia
Matilda Tanesha
Matilda Tanisha
Matilda Thomasine
Matilda Vanesa
Matilda Vanessa
Matilda Verda
Matilda Wendy
Matilda Wilfred
Matilda Yan
Matilda Zulma
Michal Millard
Michal Myrtie
Michal Ozella
Michal Patsy
Michal Rea
Michal Roberta
Michal Rosetta
Michal Ruth
Michal Samuel
Michal Saturnina
Michal Seth
Michal Sima
Michal Simona
Michal So
Michal Stacy
Michal Stepanie
Michal Stephine
Michal Synthia
Michal Tanisha
Michal Tessa
Michal Thomasine
Michal Vanesa
Michal Vanessa
Michal Vasiliki
Michal Verda
Michal Wendy
Michal Wilfred
Millard Odessa
Millard Ozella
Millard Rea
Millard Refugio
Millard Renate
Millard Roberta
Millard Rosetta
Millard Santiago
Millard Sima
Millard Stacia
Millard Stacy
Millard Stepanie
Millard Stephine
Millard Tanisha
Millard Tarra
Millard Thomasine
Millard Tod
Millard Vanesa
Millard Vasiliki
Millard Verda
Millard Wilfred
Millard Yan
Millard Zulma
Myrtie Ozella
Myrtie Patsy
Myrtie Rea
Myrtie Renate
Myrtie Roberta
Myrtie Rosetta
Myrtie Ruth
Myrtie Saturnina
Myrtie Shara
Myrtie Sima
Myrtie Simona
Myrtie Stacia
Myrtie Stasia
Myrtie Stephine
Myrtie Synthia
Myrtie Tanisha
Myrtie Tarra
Myrtie Tessa
Myrtie Tod
Myrtie Vanesa
Myrtie Vanessa
Myrtie Verda
Myrtie Wendy
Myrtie Wilfred
Myrtie Zulma
Odessa Patsy
Odessa Refugio
Odessa Renate
Odessa Roberta
Odessa Rosetta
Odessa Ruth
Odessa Santiago
Odessa Saturnina
Odessa Seth
Odessa Shara
Odessa Sima
Odessa Simona
Odessa So
Odessa Stacia
Odessa Stacy
Odessa Tanesha
Odessa Tarra
Odessa Tessa
Odessa Thomasine
Odessa Vanesa
Odessa Vanessa
Odessa Vasiliki
Odessa Wilfred
Odessa Yan
Odessa Zulma
Ozella Patsy
Ozella Rea
Ozella Refugio
Ozella Renate
Ozella Roberta
Ozella Rosetta
Ozella Ruth
Ozella Samuel
Ozella Santiago
Ozella Saturnina
Ozella Shara
Ozella Sima
Ozella Simona
Ozella So
Ozella Stacia
Ozella Stepanie
Ozella Synthia
Ozella Tessa
Ozella Tod
Ozella Vanessa
Ozella Vasiliki
Ozella Verda
Ozella Wendy
Ozella Zulma
Patsy Renate
Patsy Rosetta
Patsy Samuel
Patsy Saturnina
Patsy Seth
Patsy Shara
Patsy Simona
Patsy So
Patsy Stacia
Patsy Stacy
Patsy Stepanie
Patsy Stephine
Patsy Tanisha
Patsy Tarra
Patsy Tessa
Patsy Thomasine
Patsy Vanesa
Patsy Vanessa
Patsy Verda
Patsy Wendy
Patsy Wilfred
Patsy Yan
Patsy Zulma
Rea Renate
Rea Roberta
Rea Santiago
Rea Saturnina
Rea Seth
Rea Shara
Rea Simona
Rea So
Rea Stacia
Rea Stacy
Rea Stepanie
Rea Stephine
Rea Synthia
Rea Tanesha
Rea Tessa
Rea Thomasine
Rea Vanesa
Rea Wilfred
Rea Yan
Rea Zulma
Refugio Renate
Refugio Rosetta
Refugio Ruth
Refugio Samuel
Refugio Santiago
Refugio Saturnina
Refugio Seth
Refugio Sima
Refugio Simona
Refugio So
Refugio Stacia
Refugio Stasia
Refugio Stepanie
Refugio Stephine
Refugio Tanesha
Refugio Tanisha
Refugio Tarra
Refugio Thomasine
Refugio Tod
Refugio Vanesa
Refugio Vanessa
Refugio Vasiliki
Refugio Wendy
Refugio Wilfred
Refugio Yan
Refugio Zulma
Renate Roberta
Renate Rosetta
Renate Samuel
Renate Santiago
Renate Saturnina
Renate Seth
Renate Shara
Renate Sima
Renate Simona
Renate So
Renate Stacia
Renate Stacy
Renate Stasia
Renate Stepanie
Renate Stephine
Renate Tanesha
Renate Tanisha
Renate Tarra
Renate Thomasine
Renate Tod
Renate Vanessa
Renate Vasiliki
Renate Verda
Renate Wendy
Renate Wilfred
Renate Yan
Renate Zulma
Roberta Rosetta
Roberta Ruth
Roberta Samuel
Roberta Santiago
Roberta Saturnina
Roberta Seth
Roberta Sima
Roberta So
Roberta Stacy
Roberta Stasia
Roberta Stepanie
Roberta Stephine
Roberta Synthia
Roberta Tanesha
Roberta Tanisha
Roberta Tarra
Roberta Tessa
Roberta Thomasine
Roberta Vanesa
Roberta Verda
Roberta Wendy
Roberta Wilfred
Roberta Zulma
Rosetta Ruth
Rosetta Santiago
Rosetta Saturnina
Rosetta Shara
Rosetta Sima
Rosetta Simona
Rosetta So
Rosetta Stacy
Rosetta Stasia
Rosetta Synthia
Rosetta Tanesha
Rosetta Tanisha
Rosetta Tarra
Rosetta Tessa
Rosetta Thomasine
Rosetta Tod
Rosetta Vanesa
Rosetta Vanessa
Rosetta Vasiliki
Rosetta Verda
Rosetta Wilfred
Rosetta Yan
Rosetta Zulma
Ruth Sima
Ruth Simona
Ruth So
Ruth Stacia
Ruth Stacy
Ruth Stasia
Ruth Tarra
Ruth Thomasine
Ruth Tod
Ruth Vanesa
Ruth Vanessa
Ruth Vasiliki
Ruth Wendy
Ruth Wilfred
Ruth Yan
Ruth Zulma
Samuel Santiago
Samuel Shara
Samuel Simona
Samuel Stacia
Samuel Stacy
Samuel Stepanie
Samuel Stephine
Samuel Synthia
Samuel Tanisha
Samuel Tarra
Samuel Vanesa
Samuel Vanessa
Samuel Vasiliki
Samuel Wendy
Samuel Zulma
Santiago Saturnina
Santiago Shara
Santiago Sima
Santiago Simona
Santiago So
Santiago Stacia
Santiago Stacy
Santiago Stasia
Santiago Stephine
Santiago Synthia
Santiago Tanisha
Santiago Tarra
Santiago Tod
Santiago Vanessa
Santiago Vasiliki
Santiago Verda
Santiago Wendy
Santiago Zulma
Saturnina Seth
Saturnina Shara
Saturnina Sima
Saturnina Stacia
Saturnina Stacy
Saturnina Stasia
Saturnina Stepanie
Saturnina Stephine
Saturnina Synthia
Saturnina Tanesha
Saturnina Tarra
Saturnina Tessa
Saturnina Thomasine
Saturnina Tod
Saturnina Vanesa
Saturnina Wendy
Saturnina Wilfred
Saturnina Yan
Seth Shara
Seth Sima
Seth Stacy
Seth Stasia
Seth Stepanie
Seth Stephine
Seth Synthia
Seth Tanesha
Seth Tanisha
Seth Tarra
Seth Tessa
Seth Thomasine
Seth Tod
Seth Vanesa
Seth Vanessa
Seth Vasiliki
Seth Verda
Seth Wilfred
Seth Yan
Seth Zulma
Shara Sima
Shara Simona
Shara So
Shara Stacy
Shara Stasia
Shara Stepanie
Shara Stephine
Shara Tanesha
Shara Tanisha
Shara Tarra
Shara Tessa
Shara Thomasine
Shara Tod
Shara Vanesa
Shara Vanessa
Shara Vasiliki
Shara Verda
Shara Wilfred
Shara Yan
Shara Zulma
Sima Simona
Sima So
Sima Stacy
Sima Stasia
Sima Synthia
Sima Tanisha
Sima Tarra
Sima Tessa
Sima Vanesa
Sima Vanessa
Sima Vasiliki
Sima Wendy
Sima Wilfred
Sima Yan
Sima Zulma
Simona So
Simona Stacia
Simona Stacy
Simona Stepanie
Simona Stephine
Simona Tanesha
Simona Tanisha
Simona Tarra
Simona Wendy
Simona Wilfred
Simona Yan
Simona Zulma
So Stacia
So Stacy
So Tarra
So Tessa
So Tod
So Vanessa
So Vasiliki
So Verda
So Wendy
So Wilfred
So Yan
So Zulma
Stacia Stacy
Stacia Stepanie
Stacia Stephine
Stacia Synthia
Stacia Tarra
Stacia Vanessa
Stacia Vasiliki
Stacia Verda
Stacia Wendy
Stacia Wilfred
Stacia Yan
Stacy Stasia
Stacy Stepanie
Stacy Stephine
Stacy Synthia
Stacy Tanisha
Stacy Tarra
Stacy Tessa
Stacy Thomasine
Stacy Vanessa
Stacy Vasiliki
Stacy Verda
Stacy Wendy
Stacy Wilfred
Stacy Yan
Stacy Zulma
Stasia Synthia
Stasia Tanesha
Stasia Tanisha
Stasia Tarra
Stasia Thomasine
Stasia Tod
Stasia Vanesa
Stasia Vanessa
Stasia Vasiliki
Stasia Verda
Stasia Wendy
Stasia Yan
Stasia Zulma
Stepanie Stephine
Stepanie Synthia
Stepanie Tanesha
Stepanie Tanisha
Stepanie Tessa
Stepanie Tod
Stepanie Vanesa
Stepanie Vanessa
Stepanie Vasiliki
Stepanie Wendy
Stepanie Wilfred
Stepanie Yan
Stepanie Zulma
Stephine Synthia
Stephine Tanisha
Stephine Tessa
Stephine Vanesa
Stephine Vanessa
Stephine Vasiliki
Stephine Wilfred
Stephine Zulma
Synthia Tanesha
Synthia Tanisha
Synthia Tarra
Synthia Tessa
Synthia Thomasine
Synthia Tod
Synthia Vanessa
Synthia Verda
Synthia Wendy
Synthia Yan
Synthia Zulma
Tanesha Tanisha
Tanesha Tarra
Tanesha Vanesa
Tanesha Wilfred
Tanisha Tarra
Tanisha Tessa
Tanisha Thomasine
Tanisha Tod
Tanisha Vanesa
Tanisha Vanessa
Tanisha Vasiliki
Tanisha Wendy
Tanisha Yan
Tanisha Zulma
Tarra Tessa
Tarra Thomasine
Tarra Tod
Tarra Vanessa
Tarra Vasiliki
Tarra Wendy
Tarra Yan
Tessa Thomasine
Tessa Tod
Tessa Vanesa
Tessa Vanessa
Tessa Vasiliki
Tessa Verda
Tessa Yan
Tessa Zulma
Thomasine Tod
Thomasine Vanesa
Thomasine Vanessa
Thomasine Vasiliki
Thomasine Wendy
Thomasine Wilfred
Thomasine Yan
Thomasine Zulma
Tod Vanesa
Tod Vasiliki
Tod Wendy
Tod Wilfred
Tod Yan
Tod Zulma
Vanesa Vanessa
Vanesa Vasiliki
Vanesa Verda
Vanesa Wendy
Vanesa Wilfred
Vanesa Yan
Vanesa Zulma
Vanessa Vasiliki
Vanessa Wendy
Vanessa Wilfred
Vanessa Yan
Vanessa Zulma
Vasiliki Verda
Vasiliki Wendy
Vasiliki Wilfred
Vasiliki Zulma
Verda Wendy
Verda Wilfred
Verda Yan
Verda Zulma
Wendy Wilfred
Wendy Yan
Wendy Zulma
Wilfred Yan
Wilfred Zulma
Yan Zulma
