Alana 69
Ambrose 80
Anabel 71
Angla 76
Angle 70
Anjelica 86
Anne 75
Ardelle 67
Ariel 64
Arnita 73
Ashanti 79
Ashlea 79
Avril 70
Barney 59
Beula 69
Boyce 69
Cheri 64
Christopher 63
Claudia 84
Clayton 69
Clorinda 77
Cristine 67
Darcy 73
Demarcus 66
Dominque 77
Elva 66
Ernest 62
Eva 74
Evelina 69
Frederick 68
Genie 84
Georgie 56
Ginette 67
Hulda 55
Isadora 68
Jammie 70
Jazmin 68
Joey 80
Joy 57
Junior 86
Kori 65
Kyung 65
Leia 83
Leilani 83
Leisha 68
Lida 76
Loma 69
Loreen 76
Louanne 71
Lucie 55
Lucienne 78
Lyndon 80
Lynell 75
Magen 45
Marcelene 53
Marceline 74
Mariette 72
Marilu 67
Marni 74
Matilda 76
Michal 68
Millard 69
Myrtie 71
Odessa 70
Ozella 71
Patsy 72
Rea 68
Refugio 77
Renate 88
Roberta 82
Rosetta 78
Ruth 59
Samuel 61
Santiago 66
Saturnina 69
Seth 79
Shara 77
Sima 74
Simona 64
So 74
Stacia 61
Stacy 79
Stasia 64
Stepanie 69
Stephine 64
Synthia 70
Tanesha 63
Tanisha 78
Tarra 76
Tessa 65
Thomasine 70
Tod 65
Vanesa 72
Vanessa 83
Vasiliki 78
Verda 64
Wendy 85
Wilfred 80
Yan 81
Zulma 79
